{"/Users/alecbarreda/Github/QueueSmart/backend/src/controllers/authController.js": {"path":"/Users/alecbarreda/Github/QueueSmart/backend/src/controllers/authController.js","statementMap":{"0":{"start":{"line":6,"column":17},"end":{"line":6,"column":57}},"1":{"start":{"line":7,"column":18},"end":{"line":7,"column":56}},"2":{"start":{"line":14,"column":2},"end":{"line":14,"column":null}},"3":{"start":{"line":22,"column":1},"end":{"line":22,"column":null}},"4":{"start":{"line":33,"column":46},"end":{"line":33,"column":54}},"5":{"start":{"line":35,"column":2},"end":{"line":37,"column":null}},"6":{"start":{"line":36,"column":4},"end":{"line":36,"column":null}},"7":{"start":{"line":39,"column":16},"end":{"line":39,"column":27}},"8":{"start":{"line":42,"column":2},"end":{"line":44,"column":null}},"9":{"start":{"line":42,"column":24},"end":{"line":42,"column":41}},"10":{"start":{"line":43,"column":4},"end":{"line":43,"column":null}},"11":{"start":{"line":45,"column":2},"end":{"line":47,"column":null}},"12":{"start":{"line":45,"column":24},"end":{"line":45,"column":47}},"13":{"start":{"line":46,"column":4},"end":{"line":46,"column":null}},"14":{"start":{"line":50,"column":18},"end":{"line":58,"column":3}},"15":{"start":{"line":60,"column":2},"end":{"line":60,"column":null}},"16":{"start":{"line":61,"column":2},"end":{"line":61,"column":20}},"17":{"start":{"line":63,"column":2},"end":{"line":63,"column":null}},"18":{"start":{"line":73,"column":30},"end":{"line":73,"column":38}},"19":{"start":{"line":75,"column":2},"end":{"line":77,"column":null}},"20":{"start":{"line":76,"column":4},"end":{"line":76,"column":null}},"21":{"start":{"line":79,"column":16},"end":{"line":79,"column":27}},"22":{"start":{"line":80,"column":15},"end":{"line":80,"column":51}},"23":{"start":{"line":80,"column":33},"end":{"line":80,"column":50}},"24":{"start":{"line":83,"column":2},"end":{"line":85,"column":null}},"25":{"start":{"line":84,"column":4},"end":{"line":84,"column":null}},"26":{"start":{"line":88,"column":2},"end":{"line":88,"column":null}},"27":{"start":{"line":89,"column":2},"end":{"line":89,"column":null}},"28":{"start":{"line":92,"column":2},"end":{"line":98,"column":null}}},"fnMap":{"0":{"name":"readUsers","decl":{"start":{"line":13,"column":9},"end":{"line":13,"column":18}},"loc":{"start":{"line":13,"column":21},"end":{"line":15,"column":null}},"line":13},"1":{"name":"writeUsers","decl":{"start":{"line":21,"column":9},"end":{"line":21,"column":19}},"loc":{"start":{"line":21,"column":27},"end":{"line":23,"column":null}},"line":21},"2":{"name":"register","decl":{"start":{"line":32,"column":16},"end":{"line":32,"column":24}},"loc":{"start":{"line":32,"column":35},"end":{"line":64,"column":null}},"line":32},"3":{"name":"(anonymous_3)","decl":{"start":{"line":42,"column":17},"end":{"line":42,"column":18}},"loc":{"start":{"line":42,"column":24},"end":{"line":42,"column":41}},"line":42},"4":{"name":"(anonymous_4)","decl":{"start":{"line":45,"column":17},"end":{"line":45,"column":18}},"loc":{"start":{"line":45,"column":24},"end":{"line":45,"column":47}},"line":45},"5":{"name":"login","decl":{"start":{"line":72,"column":16},"end":{"line":72,"column":21}},"loc":{"start":{"line":72,"column":32},"end":{"line":99,"column":null}},"line":72},"6":{"name":"(anonymous_6)","decl":{"start":{"line":80,"column":26},"end":{"line":80,"column":27}},"loc":{"start":{"line":80,"column":33},"end":{"line":80,"column":50}},"line":80}},"branchMap":{"0":{"loc":{"start":{"line":35,"column":2},"end":{"line":37,"column":null}},"type":"if","locations":[{"start":{"line":35,"column":2},"end":{"line":37,"column":null}},{"start":{},"end":{}}],"line":35},"1":{"loc":{"start":{"line":35,"column":6},"end":{"line":35,"column":47}},"type":"binary-expr","locations":[{"start":{"line":35,"column":6},"end":{"line":35,"column":11}},{"start":{"line":35,"column":15},"end":{"line":35,"column":21}},{"start":{"line":35,"column":25},"end":{"line":35,"column":34}},{"start":{"line":35,"column":38},"end":{"line":35,"column":47}}],"line":35},"2":{"loc":{"start":{"line":42,"column":2},"end":{"line":44,"column":null}},"type":"if","locations":[{"start":{"line":42,"column":2},"end":{"line":44,"column":null}},{"start":{},"end":{}}],"line":42},"3":{"loc":{"start":{"line":45,"column":2},"end":{"line":47,"column":null}},"type":"if","locations":[{"start":{"line":45,"column":2},"end":{"line":47,"column":null}},{"start":{},"end":{}}],"line":45},"4":{"loc":{"start":{"line":75,"column":2},"end":{"line":77,"column":null}},"type":"if","locations":[{"start":{"line":75,"column":2},"end":{"line":77,"column":null}},{"start":{},"end":{}}],"line":75},"5":{"loc":{"start":{"line":75,"column":6},"end":{"line":75,"column":25}},"type":"binary-expr","locations":[{"start":{"line":75,"column":6},"end":{"line":75,"column":12}},{"start":{"line":75,"column":16},"end":{"line":75,"column":25}}],"line":75},"6":{"loc":{"start":{"line":83,"column":2},"end":{"line":85,"column":null}},"type":"if","locations":[{"start":{"line":83,"column":2},"end":{"line":85,"column":null}},{"start":{},"end":{}}],"line":83},"7":{"loc":{"start":{"line":83,"column":6},"end":{"line":83,"column":41}},"type":"binary-expr","locations":[{"start":{"line":83,"column":6},"end":{"line":83,"column":11}},{"start":{"line":83,"column":15},"end":{"line":83,"column":41}}],"line":83}},"s":{"0":1,"1":1,"2":9,"3":5,"4":5,"5":5,"6":1,"7":4,"8":4,"9":4,"10":1,"11":3,"12":3,"13":1,"14":2,"15":2,"16":2,"17":2,"18":6,"19":6,"20":1,"21":5,"22":5,"23":5,"24":5,"25":2,"26":3,"27":3,"28":3},"f":{"0":9,"1":5,"2":5,"3":4,"4":3,"5":6,"6":5},"b":{"0":[1,4],"1":[5,5,5,4],"2":[1,3],"3":[1,2],"4":[1,5],"5":[6,6],"6":[2,3],"7":[5,4]},"meta":{"lastBranch":8,"lastFunction":7,"lastStatement":29,"seen":{"s:6:17:6:57":0,"s:7:18:7:56":1,"f:13:9:13:18":0,"s:14:2:14:Infinity":2,"f:21:9:21:19":1,"s:22:1:22:Infinity":3,"f:32:16:32:24":2,"s:33:46:33:54":4,"b:35:2:37:Infinity:undefined:undefined:undefined:undefined":0,"s:35:2:37:Infinity":5,"b:35:6:35:11:35:15:35:21:35:25:35:34:35:38:35:47":1,"s:36:4:36:Infinity":6,"s:39:16:39:27":7,"b:42:2:44:Infinity:undefined:undefined:undefined:undefined":2,"s:42:2:44:Infinity":8,"f:42:17:42:18":3,"s:42:24:42:41":9,"s:43:4:43:Infinity":10,"b:45:2:47:Infinity:undefined:undefined:undefined:undefined":3,"s:45:2:47:Infinity":11,"f:45:17:45:18":4,"s:45:24:45:47":12,"s:46:4:46:Infinity":13,"s:50:18:58:3":14,"s:60:2:60:Infinity":15,"s:61:2:61:20":16,"s:63:2:63:Infinity":17,"f:72:16:72:21":5,"s:73:30:73:38":18,"b:75:2:77:Infinity:undefined:undefined:undefined:undefined":4,"s:75:2:77:Infinity":19,"b:75:6:75:12:75:16:75:25":5,"s:76:4:76:Infinity":20,"s:79:16:79:27":21,"s:80:15:80:51":22,"f:80:26:80:27":6,"s:80:33:80:50":23,"b:83:2:85:Infinity:undefined:undefined:undefined:undefined":6,"s:83:2:85:Infinity":24,"b:83:6:83:11:83:15:83:41":7,"s:84:4:84:Infinity":25,"s:88:2:88:Infinity":26,"s:89:2:89:Infinity":27,"s:92:2:98:Infinity":28}}}
,"/Users/alecbarreda/Github/QueueSmart/backend/src/controllers/historyController.js": {"path":"/Users/alecbarreda/Github/QueueSmart/backend/src/controllers/historyController.js","statementMap":{"0":{"start":{"line":5,"column":24},"end":{"line":5,"column":73}},"1":{"start":{"line":6,"column":25},"end":{"line":6,"column":28}},"2":{"start":{"line":7,"column":19},"end":{"line":7,"column":40}},"3":{"start":{"line":12,"column":26},"end":{"line":14,"column":1}},"4":{"start":{"line":13,"column":2},"end":{"line":13,"column":null}},"5":{"start":{"line":19,"column":32},"end":{"line":28,"column":1}},"6":{"start":{"line":20,"column":21},"end":{"line":20,"column":31}},"7":{"start":{"line":22,"column":2},"end":{"line":24,"column":null}},"8":{"start":{"line":23,"column":4},"end":{"line":23,"column":null}},"9":{"start":{"line":26,"column":18},"end":{"line":26,"column":75}},"10":{"start":{"line":26,"column":48},"end":{"line":26,"column":74}},"11":{"start":{"line":27,"column":2},"end":{"line":27,"column":null}},"12":{"start":{"line":33,"column":26},"end":{"line":71,"column":1}},"13":{"start":{"line":34,"column":59},"end":{"line":34,"column":67}},"14":{"start":{"line":37,"column":2},"end":{"line":41,"column":null}},"15":{"start":{"line":38,"column":4},"end":{"line":40,"column":null}},"16":{"start":{"line":39,"column":6},"end":{"line":39,"column":null}},"17":{"start":{"line":43,"column":2},"end":{"line":45,"column":null}},"18":{"start":{"line":44,"column":4},"end":{"line":44,"column":null}},"19":{"start":{"line":46,"column":2},"end":{"line":48,"column":null}},"20":{"start":{"line":47,"column":4},"end":{"line":47,"column":null}},"21":{"start":{"line":49,"column":2},"end":{"line":51,"column":null}},"22":{"start":{"line":50,"column":4},"end":{"line":50,"column":null}},"23":{"start":{"line":52,"column":2},"end":{"line":54,"column":null}},"24":{"start":{"line":53,"column":4},"end":{"line":53,"column":null}},"25":{"start":{"line":55,"column":2},"end":{"line":57,"column":null}},"26":{"start":{"line":56,"column":4},"end":{"line":56,"column":null}},"27":{"start":{"line":59,"column":20},"end":{"line":67,"column":3}},"28":{"start":{"line":69,"column":2},"end":{"line":69,"column":null}},"29":{"start":{"line":70,"column":2},"end":{"line":70,"column":null}},"30":{"start":{"line":76,"column":29},"end":{"line":91,"column":1}},"31":{"start":{"line":77,"column":13},"end":{"line":77,"column":36}},"32":{"start":{"line":79,"column":2},"end":{"line":81,"column":null}},"33":{"start":{"line":80,"column":4},"end":{"line":80,"column":null}},"34":{"start":{"line":83,"column":16},"end":{"line":83,"column":61}},"35":{"start":{"line":83,"column":49},"end":{"line":83,"column":60}},"36":{"start":{"line":85,"column":2},"end":{"line":87,"column":null}},"37":{"start":{"line":86,"column":4},"end":{"line":86,"column":null}},"38":{"start":{"line":89,"column":18},"end":{"line":89,"column":55}},"39":{"start":{"line":90,"column":2},"end":{"line":90,"column":null}}},"fnMap":{"0":{"name":"(anonymous_0)","decl":{"start":{"line":12,"column":26},"end":{"line":12,"column":27}},"loc":{"start":{"line":12,"column":40},"end":{"line":14,"column":1}},"line":12},"1":{"name":"(anonymous_1)","decl":{"start":{"line":19,"column":32},"end":{"line":19,"column":33}},"loc":{"start":{"line":19,"column":46},"end":{"line":28,"column":1}},"line":19},"2":{"name":"(anonymous_2)","decl":{"start":{"line":26,"column":43},"end":{"line":26,"column":44}},"loc":{"start":{"line":26,"column":48},"end":{"line":26,"column":74}},"line":26},"3":{"name":"(anonymous_3)","decl":{"start":{"line":33,"column":26},"end":{"line":33,"column":27}},"loc":{"start":{"line":33,"column":40},"end":{"line":71,"column":1}},"line":33},"4":{"name":"(anonymous_4)","decl":{"start":{"line":76,"column":29},"end":{"line":76,"column":30}},"loc":{"start":{"line":76,"column":43},"end":{"line":91,"column":1}},"line":76},"5":{"name":"(anonymous_5)","decl":{"start":{"line":83,"column":44},"end":{"line":83,"column":45}},"loc":{"start":{"line":83,"column":49},"end":{"line":83,"column":60}},"line":83}},"branchMap":{"0":{"loc":{"start":{"line":22,"column":2},"end":{"line":24,"column":null}},"type":"if","locations":[{"start":{"line":22,"column":2},"end":{"line":24,"column":null}},{"start":{},"end":{}}],"line":22},"1":{"loc":{"start":{"line":22,"column":6},"end":{"line":22,"column":67}},"type":"binary-expr","locations":[{"start":{"line":22,"column":6},"end":{"line":22,"column":13}},{"start":{"line":22,"column":17},"end":{"line":22,"column":43}},{"start":{"line":22,"column":47},"end":{"line":22,"column":67}}],"line":22},"2":{"loc":{"start":{"line":38,"column":4},"end":{"line":40,"column":null}},"type":"if","locations":[{"start":{"line":38,"column":4},"end":{"line":40,"column":null}},{"start":{},"end":{}}],"line":38},"3":{"loc":{"start":{"line":38,"column":8},"end":{"line":38,"column":65}},"type":"binary-expr","locations":[{"start":{"line":38,"column":8},"end":{"line":38,"column":24}},{"start":{"line":38,"column":28},"end":{"line":38,"column":65}}],"line":38},"4":{"loc":{"start":{"line":43,"column":2},"end":{"line":45,"column":null}},"type":"if","locations":[{"start":{"line":43,"column":2},"end":{"line":45,"column":null}},{"start":{},"end":{}}],"line":43},"5":{"loc":{"start":{"line":43,"column":6},"end":{"line":43,"column":64}},"type":"binary-expr","locations":[{"start":{"line":43,"column":6},"end":{"line":43,"column":33}},{"start":{"line":43,"column":37},"end":{"line":43,"column":64}}],"line":43},"6":{"loc":{"start":{"line":46,"column":2},"end":{"line":48,"column":null}},"type":"if","locations":[{"start":{"line":46,"column":2},"end":{"line":48,"column":null}},{"start":{},"end":{}}],"line":46},"7":{"loc":{"start":{"line":46,"column":6},"end":{"line":46,"column":62}},"type":"binary-expr","locations":[{"start":{"line":46,"column":6},"end":{"line":46,"column":32}},{"start":{"line":46,"column":36},"end":{"line":46,"column":62}}],"line":46},"8":{"loc":{"start":{"line":49,"column":2},"end":{"line":51,"column":null}},"type":"if","locations":[{"start":{"line":49,"column":2},"end":{"line":51,"column":null}},{"start":{},"end":{}}],"line":49},"9":{"loc":{"start":{"line":52,"column":2},"end":{"line":54,"column":null}},"type":"if","locations":[{"start":{"line":52,"column":2},"end":{"line":54,"column":null}},{"start":{},"end":{}}],"line":52},"10":{"loc":{"start":{"line":52,"column":6},"end":{"line":52,"column":46}},"type":"binary-expr","locations":[{"start":{"line":52,"column":6},"end":{"line":52,"column":11}},{"start":{"line":52,"column":15},"end":{"line":52,"column":46}}],"line":52},"11":{"loc":{"start":{"line":55,"column":2},"end":{"line":57,"column":null}},"type":"if","locations":[{"start":{"line":55,"column":2},"end":{"line":57,"column":null}},{"start":{},"end":{}}],"line":55},"12":{"loc":{"start":{"line":65,"column":11},"end":{"line":65,"column":36}},"type":"cond-expr","locations":[{"start":{"line":65,"column":19},"end":{"line":65,"column":31}},{"start":{"line":65,"column":34},"end":{"line":65,"column":36}}],"line":65},"13":{"loc":{"start":{"line":79,"column":2},"end":{"line":81,"column":null}},"type":"if","locations":[{"start":{"line":79,"column":2},"end":{"line":81,"column":null}},{"start":{},"end":{}}],"line":79},"14":{"loc":{"start":{"line":79,"column":6},"end":{"line":79,"column":26}},"type":"binary-expr","locations":[{"start":{"line":79,"column":6},"end":{"line":79,"column":15}},{"start":{"line":79,"column":19},"end":{"line":79,"column":26}}],"line":79},"15":{"loc":{"start":{"line":85,"column":2},"end":{"line":87,"column":null}},"type":"if","locations":[{"start":{"line":85,"column":2},"end":{"line":87,"column":null}},{"start":{},"end":{}}],"line":85}},"s":{"0":1,"1":1,"2":1,"3":1,"4":1,"5":1,"6":3,"7":3,"8":1,"9":2,"10":4,"11":2,"12":1,"13":7,"14":7,"15":32,"16":1,"17":6,"18":1,"19":5,"20":1,"21":4,"22":1,"23":3,"24":1,"25":2,"26":1,"27":1,"28":7,"29":7,"30":1,"31":4,"32":4,"33":2,"34":2,"35":3,"36":2,"37":1,"38":1,"39":1},"f":{"0":1,"1":3,"2":4,"3":7,"4":4,"5":3},"b":{"0":[1,2],"1":[3,2,2],"2":[1,31],"3":[32,31],"4":[1,5],"5":[6,6],"6":[1,4],"7":[5,5],"8":[1,3],"9":[1,2],"10":[3,3],"11":[1,1],"12":[1,0],"13":[2,2],"14":[4,3],"15":[1,1]},"meta":{"lastBranch":16,"lastFunction":6,"lastStatement":40,"seen":{"s:5:24:5:73":0,"s:6:25:6:28":1,"s:7:19:7:40":2,"s:12:26:14:1":3,"f:12:26:12:27":0,"s:13:2:13:Infinity":4,"s:19:32:28:1":5,"f:19:32:19:33":1,"s:20:21:20:31":6,"b:22:2:24:Infinity:undefined:undefined:undefined:undefined":0,"s:22:2:24:Infinity":7,"b:22:6:22:13:22:17:22:43:22:47:22:67":1,"s:23:4:23:Infinity":8,"s:26:18:26:75":9,"f:26:43:26:44":2,"s:26:48:26:74":10,"s:27:2:27:Infinity":11,"s:33:26:71:1":12,"f:33:26:33:27":3,"s:34:59:34:67":13,"s:37:2:41:Infinity":14,"b:38:4:40:Infinity:undefined:undefined:undefined:undefined":2,"s:38:4:40:Infinity":15,"b:38:8:38:24:38:28:38:65":3,"s:39:6:39:Infinity":16,"b:43:2:45:Infinity:undefined:undefined:undefined:undefined":4,"s:43:2:45:Infinity":17,"b:43:6:43:33:43:37:43:64":5,"s:44:4:44:Infinity":18,"b:46:2:48:Infinity:undefined:undefined:undefined:undefined":6,"s:46:2:48:Infinity":19,"b:46:6:46:32:46:36:46:62":7,"s:47:4:47:Infinity":20,"b:49:2:51:Infinity:undefined:undefined:undefined:undefined":8,"s:49:2:51:Infinity":21,"s:50:4:50:Infinity":22,"b:52:2:54:Infinity:undefined:undefined:undefined:undefined":9,"s:52:2:54:Infinity":23,"b:52:6:52:11:52:15:52:46":10,"s:53:4:53:Infinity":24,"b:55:2:57:Infinity:undefined:undefined:undefined:undefined":11,"s:55:2:57:Infinity":25,"s:56:4:56:Infinity":26,"s:59:20:67:3":27,"b:65:19:65:31:65:34:65:36":12,"s:69:2:69:Infinity":28,"s:70:2:70:Infinity":29,"s:76:29:91:1":30,"f:76:29:76:30":4,"s:77:13:77:36":31,"b:79:2:81:Infinity:undefined:undefined:undefined:undefined":13,"s:79:2:81:Infinity":32,"b:79:6:79:15:79:19:79:26":14,"s:80:4:80:Infinity":33,"s:83:16:83:61":34,"f:83:44:83:45":5,"s:83:49:83:60":35,"b:85:2:87:Infinity:undefined:undefined:undefined:undefined":15,"s:85:2:87:Infinity":36,"s:86:4:86:Infinity":37,"s:89:18:89:55":38,"s:90:2:90:Infinity":39}}}
,"/Users/alecbarreda/Github/QueueSmart/backend/src/controllers/queueController.js": {"path":"/Users/alecbarreda/Github/QueueSmart/backend/src/controllers/queueController.js","statementMap":{"0":{"start":{"line":5,"column":17},"end":{"line":5,"column":57}},"1":{"start":{"line":6,"column":18},"end":{"line":6,"column":56}},"2":{"start":{"line":13,"column":2},"end":{"line":13,"column":null}},"3":{"start":{"line":21,"column":1},"end":{"line":21,"column":null}},"4":{"start":{"line":30,"column":24},"end":{"line":30,"column":34}},"5":{"start":{"line":31,"column":16},"end":{"line":31,"column":76}},"6":{"start":{"line":31,"column":46},"end":{"line":31,"column":75}},"7":{"start":{"line":32,"column":2},"end":{"line":32,"column":null}},"8":{"start":{"line":41,"column":24},"end":{"line":41,"column":34}},"9":{"start":{"line":42,"column":14},"end":{"line":42,"column":25}},"10":{"start":{"line":44,"column":21},"end":{"line":44,"column":76}},"11":{"start":{"line":44,"column":46},"end":{"line":44,"column":75}},"12":{"start":{"line":45,"column":2},"end":{"line":47,"column":null}},"13":{"start":{"line":46,"column":4},"end":{"line":46,"column":null}},"14":{"start":{"line":49,"column":19},"end":{"line":49,"column":44}},"15":{"start":{"line":50,"column":2},"end":{"line":50,"column":null}},"16":{"start":{"line":52,"column":2},"end":{"line":52,"column":null}},"17":{"start":{"line":61,"column":33},"end":{"line":61,"column":43}},"18":{"start":{"line":62,"column":14},"end":{"line":62,"column":25}},"19":{"start":{"line":64,"column":16},"end":{"line":66,"column":3}},"20":{"start":{"line":65,"column":15},"end":{"line":65,"column":null}},"21":{"start":{"line":68,"column":2},"end":{"line":70,"column":null}},"22":{"start":{"line":69,"column":4},"end":{"line":69,"column":null}},"23":{"start":{"line":72,"column":2},"end":{"line":72,"column":null}},"24":{"start":{"line":73,"column":2},"end":{"line":73,"column":null}},"25":{"start":{"line":75,"column":2},"end":{"line":75,"column":null}},"26":{"start":{"line":84,"column":33},"end":{"line":84,"column":43}},"27":{"start":{"line":85,"column":14},"end":{"line":85,"column":25}},"28":{"start":{"line":88,"column":25},"end":{"line":91,"column":8}},"29":{"start":{"line":89,"column":4},"end":{"line":89,"column":null}},"30":{"start":{"line":89,"column":39},"end":{"line":89,"column":null}},"31":{"start":{"line":90,"column":4},"end":{"line":90,"column":null}},"32":{"start":{"line":93,"column":23},"end":{"line":95,"column":3}},"33":{"start":{"line":94,"column":11},"end":{"line":94,"column":null}},"34":{"start":{"line":97,"column":2},"end":{"line":99,"column":null}},"35":{"start":{"line":98,"column":4},"end":{"line":98,"column":null}},"36":{"start":{"line":101,"column":2},"end":{"line":103,"column":null}},"37":{"start":{"line":102,"column":4},"end":{"line":102,"column":null}},"38":{"start":{"line":106,"column":15},"end":{"line":106,"column":47}},"39":{"start":{"line":107,"column":15},"end":{"line":107,"column":43}},"40":{"start":{"line":108,"column":2},"end":{"line":108,"column":null}},"41":{"start":{"line":109,"column":2},"end":{"line":109,"column":null}},"42":{"start":{"line":111,"column":2},"end":{"line":111,"column":null}},"43":{"start":{"line":111,"column":48},"end":{"line":111,"column":73}}},"fnMap":{"0":{"name":"readQueue","decl":{"start":{"line":12,"column":9},"end":{"line":12,"column":18}},"loc":{"start":{"line":12,"column":21},"end":{"line":14,"column":null}},"line":12},"1":{"name":"writeQueue","decl":{"start":{"line":20,"column":9},"end":{"line":20,"column":19}},"loc":{"start":{"line":20,"column":27},"end":{"line":22,"column":null}},"line":20},"2":{"name":"getQueue","decl":{"start":{"line":29,"column":16},"end":{"line":29,"column":24}},"loc":{"start":{"line":29,"column":35},"end":{"line":33,"column":null}},"line":29},"3":{"name":"(anonymous_3)","decl":{"start":{"line":31,"column":35},"end":{"line":31,"column":36}},"loc":{"start":{"line":31,"column":46},"end":{"line":31,"column":75}},"line":31},"4":{"name":"serveNext","decl":{"start":{"line":40,"column":16},"end":{"line":40,"column":25}},"loc":{"start":{"line":40,"column":36},"end":{"line":53,"column":null}},"line":40},"5":{"name":"(anonymous_5)","decl":{"start":{"line":44,"column":35},"end":{"line":44,"column":36}},"loc":{"start":{"line":44,"column":46},"end":{"line":44,"column":75}},"line":44},"6":{"name":"removeFromQueue","decl":{"start":{"line":60,"column":16},"end":{"line":60,"column":31}},"loc":{"start":{"line":60,"column":42},"end":{"line":76,"column":null}},"line":60},"7":{"name":"(anonymous_7)","decl":{"start":{"line":65,"column":4},"end":{"line":65,"column":5}},"loc":{"start":{"line":65,"column":15},"end":{"line":65,"column":null}},"line":65},"8":{"name":"moveUp","decl":{"start":{"line":83,"column":16},"end":{"line":83,"column":22}},"loc":{"start":{"line":83,"column":33},"end":{"line":112,"column":null}},"line":83},"9":{"name":"(anonymous_9)","decl":{"start":{"line":88,"column":36},"end":{"line":88,"column":37}},"loc":{"start":{"line":88,"column":55},"end":{"line":91,"column":3}},"line":88},"10":{"name":"(anonymous_10)","decl":{"start":{"line":94,"column":4},"end":{"line":94,"column":5}},"loc":{"start":{"line":94,"column":11},"end":{"line":94,"column":null}},"line":94},"11":{"name":"(anonymous_11)","decl":{"start":{"line":111,"column":41},"end":{"line":111,"column":42}},"loc":{"start":{"line":111,"column":48},"end":{"line":111,"column":73}},"line":111}},"branchMap":{"0":{"loc":{"start":{"line":45,"column":2},"end":{"line":47,"column":null}},"type":"if","locations":[{"start":{"line":45,"column":2},"end":{"line":47,"column":null}},{"start":{},"end":{}}],"line":45},"1":{"loc":{"start":{"line":65,"column":15},"end":{"line":65,"column":null}},"type":"binary-expr","locations":[{"start":{"line":65,"column":15},"end":{"line":65,"column":35}},{"start":{"line":65,"column":39},"end":{"line":65,"column":null}}],"line":65},"2":{"loc":{"start":{"line":68,"column":2},"end":{"line":70,"column":null}},"type":"if","locations":[{"start":{"line":68,"column":2},"end":{"line":70,"column":null}},{"start":{},"end":{}}],"line":68},"3":{"loc":{"start":{"line":89,"column":4},"end":{"line":89,"column":null}},"type":"if","locations":[{"start":{"line":89,"column":4},"end":{"line":89,"column":null}},{"start":{},"end":{}}],"line":89},"4":{"loc":{"start":{"line":97,"column":2},"end":{"line":99,"column":null}},"type":"if","locations":[{"start":{"line":97,"column":2},"end":{"line":99,"column":null}},{"start":{},"end":{}}],"line":97},"5":{"loc":{"start":{"line":101,"column":2},"end":{"line":103,"column":null}},"type":"if","locations":[{"start":{"line":101,"column":2},"end":{"line":103,"column":null}},{"start":{},"end":{}}],"line":101}},"s":{"0":1,"1":1,"2":12,"3":5,"4":2,"5":2,"6":6,"7":2,"8":3,"9":3,"10":3,"11":5,"12":3,"13":1,"14":2,"15":2,"16":2,"17":3,"18":3,"19":3,"20":7,"21":3,"22":2,"23":1,"24":1,"25":1,"26":4,"27":4,"28":4,"29":12,"30":8,"31":12,"32":4,"33":7,"34":4,"35":1,"36":3,"37":1,"38":2,"39":2,"40":2,"41":2,"42":2,"43":6},"f":{"0":12,"1":5,"2":2,"3":6,"4":3,"5":5,"6":3,"7":7,"8":4,"9":12,"10":7,"11":6},"b":{"0":[1,2],"1":[7,2],"2":[2,1],"3":[8,4],"4":[1,3],"5":[1,2]},"meta":{"lastBranch":6,"lastFunction":12,"lastStatement":44,"seen":{"s:5:17:5:57":0,"s:6:18:6:56":1,"f:12:9:12:18":0,"s:13:2:13:Infinity":2,"f:20:9:20:19":1,"s:21:1:21:Infinity":3,"f:29:16:29:24":2,"s:30:24:30:34":4,"s:31:16:31:76":5,"f:31:35:31:36":3,"s:31:46:31:75":6,"s:32:2:32:Infinity":7,"f:40:16:40:25":4,"s:41:24:41:34":8,"s:42:14:42:25":9,"s:44:21:44:76":10,"f:44:35:44:36":5,"s:44:46:44:75":11,"b:45:2:47:Infinity:undefined:undefined:undefined:undefined":0,"s:45:2:47:Infinity":12,"s:46:4:46:Infinity":13,"s:49:19:49:44":14,"s:50:2:50:Infinity":15,"s:52:2:52:Infinity":16,"f:60:16:60:31":6,"s:61:33:61:43":17,"s:62:14:62:25":18,"s:64:16:66:3":19,"f:65:4:65:5":7,"s:65:15:65:Infinity":20,"b:65:15:65:35:65:39:65:Infinity":1,"b:68:2:70:Infinity:undefined:undefined:undefined:undefined":2,"s:68:2:70:Infinity":21,"s:69:4:69:Infinity":22,"s:72:2:72:Infinity":23,"s:73:2:73:Infinity":24,"s:75:2:75:Infinity":25,"f:83:16:83:22":8,"s:84:33:84:43":26,"s:85:14:85:25":27,"s:88:25:91:8":28,"f:88:36:88:37":9,"b:89:4:89:Infinity:undefined:undefined:undefined:undefined":3,"s:89:4:89:Infinity":29,"s:89:39:89:Infinity":30,"s:90:4:90:Infinity":31,"s:93:23:95:3":32,"f:94:4:94:5":10,"s:94:11:94:Infinity":33,"b:97:2:99:Infinity:undefined:undefined:undefined:undefined":4,"s:97:2:99:Infinity":34,"s:98:4:98:Infinity":35,"b:101:2:103:Infinity:undefined:undefined:undefined:undefined":5,"s:101:2:103:Infinity":36,"s:102:4:102:Infinity":37,"s:106:15:106:47":38,"s:107:15:107:43":39,"s:108:2:108:Infinity":40,"s:109:2:109:Infinity":41,"s:111:2:111:Infinity":42,"f:111:41:111:42":11,"s:111:48:111:73":43}}}
,"/Users/alecbarreda/Github/QueueSmart/backend/src/controllers/serviceController.js": {"path":"/Users/alecbarreda/Github/QueueSmart/backend/src/controllers/serviceController.js","statementMap":{"0":{"start":{"line":3,"column":26},"end":{"line":12,"column":1}},"1":{"start":{"line":4,"column":24},"end":{"line":4,"column":33}},"2":{"start":{"line":5,"column":27},"end":{"line":10,"column":6}},"3":{"start":{"line":6,"column":8},"end":{"line":6,"column":null}},"4":{"start":{"line":6,"column":37},"end":{"line":6,"column":null}},"5":{"start":{"line":7,"column":8},"end":{"line":7,"column":null}},"6":{"start":{"line":7,"column":41},"end":{"line":7,"column":null}},"7":{"start":{"line":8,"column":8},"end":{"line":8,"column":null}},"8":{"start":{"line":8,"column":21},"end":{"line":8,"column":null}},"9":{"start":{"line":9,"column":8},"end":{"line":9,"column":null}},"10":{"start":{"line":11,"column":4},"end":{"line":11,"column":null}},"11":{"start":{"line":14,"column":26},"end":{"line":25,"column":1}},"12":{"start":{"line":15,"column":21},"end":{"line":21,"column":3}},"13":{"start":{"line":23,"column":2},"end":{"line":23,"column":null}},"14":{"start":{"line":24,"column":2},"end":{"line":24,"column":null}},"15":{"start":{"line":27,"column":28},"end":{"line":43,"column":1}},"16":{"start":{"line":28,"column":17},"end":{"line":28,"column":27}},"17":{"start":{"line":29,"column":41},"end":{"line":29,"column":49}},"18":{"start":{"line":31,"column":18},"end":{"line":31,"column":68}},"19":{"start":{"line":31,"column":45},"end":{"line":31,"column":67}},"20":{"start":{"line":33,"column":2},"end":{"line":35,"column":null}},"21":{"start":{"line":34,"column":4},"end":{"line":34,"column":null}},"22":{"start":{"line":37,"column":2},"end":{"line":37,"column":null}},"23":{"start":{"line":38,"column":2},"end":{"line":38,"column":null}},"24":{"start":{"line":39,"column":2},"end":{"line":39,"column":null}},"25":{"start":{"line":40,"column":2},"end":{"line":40,"column":null}},"26":{"start":{"line":42,"column":2},"end":{"line":42,"column":null}}},"fnMap":{"0":{"name":"(anonymous_0)","decl":{"start":{"line":3,"column":26},"end":{"line":3,"column":27}},"loc":{"start":{"line":3,"column":40},"end":{"line":12,"column":1}},"line":3},"1":{"name":"(anonymous_1)","decl":{"start":{"line":5,"column":46},"end":{"line":5,"column":47}},"loc":{"start":{"line":5,"column":56},"end":{"line":10,"column":5}},"line":5},"2":{"name":"(anonymous_2)","decl":{"start":{"line":14,"column":26},"end":{"line":14,"column":27}},"loc":{"start":{"line":14,"column":40},"end":{"line":25,"column":1}},"line":14},"3":{"name":"(anonymous_3)","decl":{"start":{"line":27,"column":28},"end":{"line":27,"column":29}},"loc":{"start":{"line":27,"column":42},"end":{"line":43,"column":1}},"line":27},"4":{"name":"(anonymous_4)","decl":{"start":{"line":31,"column":35},"end":{"line":31,"column":36}},"loc":{"start":{"line":31,"column":45},"end":{"line":31,"column":67}},"line":31}},"branchMap":{"0":{"loc":{"start":{"line":6,"column":8},"end":{"line":6,"column":null}},"type":"if","locations":[{"start":{"line":6,"column":8},"end":{"line":6,"column":null}},{"start":{},"end":{}}],"line":6},"1":{"loc":{"start":{"line":7,"column":8},"end":{"line":7,"column":null}},"type":"if","locations":[{"start":{"line":7,"column":8},"end":{"line":7,"column":null}},{"start":{},"end":{}}],"line":7},"2":{"loc":{"start":{"line":8,"column":8},"end":{"line":8,"column":null}},"type":"if","locations":[{"start":{"line":8,"column":8},"end":{"line":8,"column":null}},{"start":{},"end":{}}],"line":8},"3":{"loc":{"start":{"line":33,"column":2},"end":{"line":35,"column":null}},"type":"if","locations":[{"start":{"line":33,"column":2},"end":{"line":35,"column":null}},{"start":{},"end":{}}],"line":33},"4":{"loc":{"start":{"line":38,"column":19},"end":{"line":38,"column":38}},"type":"binary-expr","locations":[{"start":{"line":38,"column":19},"end":{"line":38,"column":25}},{"start":{"line":38,"column":29},"end":{"line":38,"column":38}}],"line":38},"5":{"loc":{"start":{"line":39,"column":23},"end":{"line":39,"column":54}},"type":"binary-expr","locations":[{"start":{"line":39,"column":23},"end":{"line":39,"column":33}},{"start":{"line":39,"column":37},"end":{"line":39,"column":54}}],"line":39},"6":{"loc":{"start":{"line":40,"column":19},"end":{"line":40,"column":35}},"type":"binary-expr","locations":[{"start":{"line":40,"column":19},"end":{"line":40,"column":25}},{"start":{"line":40,"column":29},"end":{"line":40,"column":35}}],"line":40}},"s":{"0":1,"1":3,"2":3,"3":10,"4":3,"5":7,"6":3,"7":4,"8":4,"9":1,"10":3,"11":1,"12":3,"13":3,"14":3,"15":1,"16":4,"17":4,"18":4,"19":6,"20":4,"21":1,"22":3,"23":3,"24":4,"25":4,"26":4},"f":{"0":3,"1":10,"2":3,"3":4,"4":6},"b":{"0":[3,7],"1":[3,4],"2":[3,1],"3":[1,3],"4":[3,2],"5":[4,2],"6":[4,2]},"meta":{"lastBranch":7,"lastFunction":5,"lastStatement":27,"seen":{"s:3:26:12:1":0,"f:3:26:3:27":0,"s:4:24:4:33":1,"s:5:27:10:6":2,"f:5:46:5:47":1,"b:6:8:6:Infinity:undefined:undefined:undefined:undefined":0,"s:6:8:6:Infinity":3,"s:6:37:6:Infinity":4,"b:7:8:7:Infinity:undefined:undefined:undefined:undefined":1,"s:7:8:7:Infinity":5,"s:7:41:7:Infinity":6,"b:8:8:8:Infinity:undefined:undefined:undefined:undefined":2,"s:8:8:8:Infinity":7,"s:8:21:8:Infinity":8,"s:9:8:9:Infinity":9,"s:11:4:11:Infinity":10,"s:14:26:25:1":11,"f:14:26:14:27":2,"s:15:21:21:3":12,"s:23:2:23:Infinity":13,"s:24:2:24:Infinity":14,"s:27:28:43:1":15,"f:27:28:27:29":3,"s:28:17:28:27":16,"s:29:41:29:49":17,"s:31:18:31:68":18,"f:31:35:31:36":4,"s:31:45:31:67":19,"b:33:2:35:Infinity:undefined:undefined:undefined:undefined":3,"s:33:2:35:Infinity":20,"s:34:4:34:Infinity":21,"s:37:2:37:Infinity":22,"s:38:2:38:Infinity":23,"b:38:19:38:25:38:29:38:38":4,"s:39:2:39:Infinity":24,"b:39:23:39:33:39:37:39:54":5,"s:40:2:40:Infinity":25,"b:40:19:40:25:40:29:40:35":6,"s:42:2:42:Infinity":26}}}
,"/Users/alecbarreda/Github/QueueSmart/backend/src/controllers/servicesController.js": {"path":"/Users/alecbarreda/Github/QueueSmart/backend/src/controllers/servicesController.js","statementMap":{"0":{"start":{"line":6,"column":17},"end":{"line":6,"column":57}},"1":{"start":{"line":7,"column":21},"end":{"line":7,"column":62}},"2":{"start":{"line":14,"column":2},"end":{"line":14,"column":null}},"3":{"start":{"line":22,"column":1},"end":{"line":22,"column":null}},"4":{"start":{"line":31,"column":2},"end":{"line":31,"column":null}},"5":{"start":{"line":41,"column":32},"end":{"line":41,"column":40}},"6":{"start":{"line":43,"column":2},"end":{"line":45,"column":null}},"7":{"start":{"line":44,"column":4},"end":{"line":44,"column":null}},"8":{"start":{"line":47,"column":19},"end":{"line":47,"column":33}},"9":{"start":{"line":48,"column":21},"end":{"line":48,"column":60}},"10":{"start":{"line":49,"column":2},"end":{"line":49,"column":null}},"11":{"start":{"line":50,"column":2},"end":{"line":50,"column":null}},"12":{"start":{"line":52,"column":2},"end":{"line":52,"column":null}},"13":{"start":{"line":61,"column":17},"end":{"line":61,"column":27}},"14":{"start":{"line":62,"column":32},"end":{"line":62,"column":40}},"15":{"start":{"line":64,"column":2},"end":{"line":66,"column":null}},"16":{"start":{"line":65,"column":4},"end":{"line":65,"column":null}},"17":{"start":{"line":68,"column":19},"end":{"line":68,"column":33}},"18":{"start":{"line":69,"column":16},"end":{"line":69,"column":54}},"19":{"start":{"line":69,"column":42},"end":{"line":69,"column":53}},"20":{"start":{"line":71,"column":2},"end":{"line":73,"column":null}},"21":{"start":{"line":72,"column":4},"end":{"line":72,"column":null}},"22":{"start":{"line":75,"column":2},"end":{"line":75,"column":null}},"23":{"start":{"line":76,"column":2},"end":{"line":76,"column":null}},"24":{"start":{"line":78,"column":2},"end":{"line":78,"column":null}},"25":{"start":{"line":87,"column":17},"end":{"line":87,"column":27}},"26":{"start":{"line":88,"column":19},"end":{"line":88,"column":33}},"27":{"start":{"line":89,"column":16},"end":{"line":89,"column":54}},"28":{"start":{"line":89,"column":42},"end":{"line":89,"column":53}},"29":{"start":{"line":91,"column":2},"end":{"line":93,"column":null}},"30":{"start":{"line":92,"column":4},"end":{"line":92,"column":null}},"31":{"start":{"line":95,"column":2},"end":{"line":95,"column":null}},"32":{"start":{"line":96,"column":2},"end":{"line":96,"column":null}},"33":{"start":{"line":98,"column":2},"end":{"line":98,"column":null}}},"fnMap":{"0":{"name":"readServices","decl":{"start":{"line":13,"column":9},"end":{"line":13,"column":21}},"loc":{"start":{"line":13,"column":24},"end":{"line":15,"column":null}},"line":13},"1":{"name":"writeServices","decl":{"start":{"line":21,"column":9},"end":{"line":21,"column":22}},"loc":{"start":{"line":21,"column":33},"end":{"line":23,"column":null}},"line":21},"2":{"name":"getServices","decl":{"start":{"line":30,"column":16},"end":{"line":30,"column":27}},"loc":{"start":{"line":30,"column":38},"end":{"line":32,"column":null}},"line":30},"3":{"name":"createService","decl":{"start":{"line":40,"column":16},"end":{"line":40,"column":29}},"loc":{"start":{"line":40,"column":40},"end":{"line":53,"column":null}},"line":40},"4":{"name":"updateService","decl":{"start":{"line":60,"column":16},"end":{"line":60,"column":29}},"loc":{"start":{"line":60,"column":40},"end":{"line":79,"column":null}},"line":60},"5":{"name":"(anonymous_5)","decl":{"start":{"line":69,"column":35},"end":{"line":69,"column":36}},"loc":{"start":{"line":69,"column":42},"end":{"line":69,"column":53}},"line":69},"6":{"name":"deleteService","decl":{"start":{"line":86,"column":16},"end":{"line":86,"column":29}},"loc":{"start":{"line":86,"column":40},"end":{"line":99,"column":null}},"line":86},"7":{"name":"(anonymous_7)","decl":{"start":{"line":89,"column":35},"end":{"line":89,"column":36}},"loc":{"start":{"line":89,"column":42},"end":{"line":89,"column":53}},"line":89}},"branchMap":{"0":{"loc":{"start":{"line":43,"column":2},"end":{"line":45,"column":null}},"type":"if","locations":[{"start":{"line":43,"column":2},"end":{"line":45,"column":null}},{"start":{},"end":{}}],"line":43},"1":{"loc":{"start":{"line":43,"column":6},"end":{"line":43,"column":27}},"type":"binary-expr","locations":[{"start":{"line":43,"column":6},"end":{"line":43,"column":11}},{"start":{"line":43,"column":15},"end":{"line":43,"column":27}}],"line":43},"2":{"loc":{"start":{"line":64,"column":2},"end":{"line":66,"column":null}},"type":"if","locations":[{"start":{"line":64,"column":2},"end":{"line":66,"column":null}},{"start":{},"end":{}}],"line":64},"3":{"loc":{"start":{"line":64,"column":6},"end":{"line":64,"column":27}},"type":"binary-expr","locations":[{"start":{"line":64,"column":6},"end":{"line":64,"column":11}},{"start":{"line":64,"column":15},"end":{"line":64,"column":27}}],"line":64},"4":{"loc":{"start":{"line":71,"column":2},"end":{"line":73,"column":null}},"type":"if","locations":[{"start":{"line":71,"column":2},"end":{"line":73,"column":null}},{"start":{},"end":{}}],"line":71},"5":{"loc":{"start":{"line":91,"column":2},"end":{"line":93,"column":null}},"type":"if","locations":[{"start":{"line":91,"column":2},"end":{"line":93,"column":null}},{"start":{},"end":{}}],"line":91}},"s":{"0":1,"1":1,"2":7,"3":4,"4":1,"5":4,"6":4,"7":2,"8":2,"9":2,"10":2,"11":2,"12":2,"13":4,"14":4,"15":4,"16":2,"17":2,"18":2,"19":3,"20":2,"21":1,"22":1,"23":1,"24":1,"25":2,"26":2,"27":2,"28":3,"29":2,"30":1,"31":1,"32":1,"33":1},"f":{"0":7,"1":4,"2":1,"3":4,"4":4,"5":3,"6":2,"7":3},"b":{"0":[2,2],"1":[4,3],"2":[2,2],"3":[4,3],"4":[1,1],"5":[1,1]},"meta":{"lastBranch":6,"lastFunction":8,"lastStatement":34,"seen":{"s:6:17:6:57":0,"s:7:21:7:62":1,"f:13:9:13:21":0,"s:14:2:14:Infinity":2,"f:21:9:21:22":1,"s:22:1:22:Infinity":3,"f:30:16:30:27":2,"s:31:2:31:Infinity":4,"f:40:16:40:29":3,"s:41:32:41:40":5,"b:43:2:45:Infinity:undefined:undefined:undefined:undefined":0,"s:43:2:45:Infinity":6,"b:43:6:43:11:43:15:43:27":1,"s:44:4:44:Infinity":7,"s:47:19:47:33":8,"s:48:21:48:60":9,"s:49:2:49:Infinity":10,"s:50:2:50:Infinity":11,"s:52:2:52:Infinity":12,"f:60:16:60:29":4,"s:61:17:61:27":13,"s:62:32:62:40":14,"b:64:2:66:Infinity:undefined:undefined:undefined:undefined":2,"s:64:2:66:Infinity":15,"b:64:6:64:11:64:15:64:27":3,"s:65:4:65:Infinity":16,"s:68:19:68:33":17,"s:69:16:69:54":18,"f:69:35:69:36":5,"s:69:42:69:53":19,"b:71:2:73:Infinity:undefined:undefined:undefined:undefined":4,"s:71:2:73:Infinity":20,"s:72:4:72:Infinity":21,"s:75:2:75:Infinity":22,"s:76:2:76:Infinity":23,"s:78:2:78:Infinity":24,"f:86:16:86:29":6,"s:87:17:87:27":25,"s:88:19:88:33":26,"s:89:16:89:54":27,"f:89:35:89:36":7,"s:89:42:89:53":28,"b:91:2:93:Infinity:undefined:undefined:undefined:undefined":5,"s:91:2:93:Infinity":29,"s:92:4:92:Infinity":30,"s:95:2:95:Infinity":31,"s:96:2:96:Infinity":32,"s:98:2:98:Infinity":33}}}
,"/Users/alecbarreda/Github/QueueSmart/backend/src/controllers/waitTimeController.js": {"path":"/Users/alecbarreda/Github/QueueSmart/backend/src/controllers/waitTimeController.js","statementMap":{"0":{"start":{"line":3,"column":29},"end":{"line":3,"column":31}},"1":{"start":{"line":11,"column":27},"end":{"line":34,"column":1}},"2":{"start":{"line":12,"column":19},"end":{"line":12,"column":49}},"3":{"start":{"line":13,"column":22},"end":{"line":13,"column":116}},"4":{"start":{"line":14,"column":17},"end":{"line":14,"column":45}},"5":{"start":{"line":16,"column":2},"end":{"line":18,"column":null}},"6":{"start":{"line":17,"column":4},"end":{"line":17,"column":null}},"7":{"start":{"line":19,"column":2},"end":{"line":21,"column":null}},"8":{"start":{"line":20,"column":4},"end":{"line":20,"column":null}},"9":{"start":{"line":22,"column":2},"end":{"line":24,"column":null}},"10":{"start":{"line":23,"column":4},"end":{"line":23,"column":null}},"11":{"start":{"line":26,"column":30},"end":{"line":26,"column":78}},"12":{"start":{"line":28,"column":2},"end":{"line":33,"column":null}}},"fnMap":{"0":{"name":"(anonymous_0)","decl":{"start":{"line":11,"column":27},"end":{"line":11,"column":28}},"loc":{"start":{"line":11,"column":41},"end":{"line":34,"column":1}},"line":11}},"branchMap":{"0":{"loc":{"start":{"line":13,"column":22},"end":{"line":13,"column":116}},"type":"cond-expr","locations":[{"start":{"line":13,"column":60},"end":{"line":13,"column":93}},{"start":{"line":13,"column":96},"end":{"line":13,"column":116}}],"line":13},"1":{"loc":{"start":{"line":16,"column":2},"end":{"line":18,"column":null}},"type":"if","locations":[{"start":{"line":16,"column":2},"end":{"line":18,"column":null}},{"start":{},"end":{}}],"line":16},"2":{"loc":{"start":{"line":16,"column":6},"end":{"line":16,"column":67}},"type":"binary-expr","locations":[{"start":{"line":16,"column":6},"end":{"line":16,"column":38}},{"start":{"line":16,"column":42},"end":{"line":16,"column":67}}],"line":16},"3":{"loc":{"start":{"line":19,"column":2},"end":{"line":21,"column":null}},"type":"if","locations":[{"start":{"line":19,"column":2},"end":{"line":21,"column":null}},{"start":{},"end":{}}],"line":19},"4":{"loc":{"start":{"line":19,"column":6},"end":{"line":19,"column":48}},"type":"binary-expr","locations":[{"start":{"line":19,"column":6},"end":{"line":19,"column":32}},{"start":{"line":19,"column":36},"end":{"line":19,"column":48}}],"line":19},"5":{"loc":{"start":{"line":22,"column":2},"end":{"line":24,"column":null}},"type":"if","locations":[{"start":{"line":22,"column":2},"end":{"line":24,"column":null}},{"start":{},"end":{}}],"line":22},"6":{"loc":{"start":{"line":22,"column":6},"end":{"line":22,"column":55}},"type":"binary-expr","locations":[{"start":{"line":22,"column":6},"end":{"line":22,"column":35}},{"start":{"line":22,"column":39},"end":{"line":22,"column":55}}],"line":22}},"s":{"0":1,"1":1,"2":9,"3":9,"4":9,"5":9,"6":1,"7":8,"8":2,"9":6,"10":2,"11":4,"12":4},"f":{"0":9},"b":{"0":[7,2],"1":[1,8],"2":[9,8],"3":[2,6],"4":[8,7],"5":[2,4],"6":[6,6]},"meta":{"lastBranch":7,"lastFunction":1,"lastStatement":13,"seen":{"s:3:29:3:31":0,"s:11:27:34:1":1,"f:11:27:11:28":0,"s:12:19:12:49":2,"s:13:22:13:116":3,"b:13:60:13:93:13:96:13:116":0,"s:14:17:14:45":4,"b:16:2:18:Infinity:undefined:undefined:undefined:undefined":1,"s:16:2:18:Infinity":5,"b:16:6:16:38:16:42:16:67":2,"s:17:4:17:Infinity":6,"b:19:2:21:Infinity:undefined:undefined:undefined:undefined":3,"s:19:2:21:Infinity":7,"b:19:6:19:32:19:36:19:48":4,"s:20:4:20:Infinity":8,"b:22:2:24:Infinity:undefined:undefined:undefined:undefined":5,"s:22:2:24:Infinity":9,"b:22:6:22:35:22:39:22:55":6,"s:23:4:23:Infinity":10,"s:26:30:26:78":11,"s:28:2:33:Infinity":12}}}
,"/Users/alecbarreda/Github/QueueSmart/backend/src/middleware/verifyToken.js": {"path":"/Users/alecbarreda/Github/QueueSmart/backend/src/middleware/verifyToken.js","statementMap":{"0":{"start":{"line":5,"column":17},"end":{"line":5,"column":57}},"1":{"start":{"line":6,"column":18},"end":{"line":6,"column":56}},"2":{"start":{"line":18,"column":21},"end":{"line":18,"column":49}},"3":{"start":{"line":21,"column":16},"end":{"line":21,"column":78}},"4":{"start":{"line":23,"column":2},"end":{"line":25,"column":null}},"5":{"start":{"line":24,"column":4},"end":{"line":24,"column":null}},"6":{"start":{"line":28,"column":16},"end":{"line":28,"column":61}},"7":{"start":{"line":29,"column":15},"end":{"line":29,"column":51}},"8":{"start":{"line":29,"column":33},"end":{"line":29,"column":50}},"9":{"start":{"line":31,"column":2},"end":{"line":33,"column":null}},"10":{"start":{"line":32,"column":4},"end":{"line":32,"column":null}},"11":{"start":{"line":36,"column":2},"end":{"line":36,"column":null}},"12":{"start":{"line":37,"column":2},"end":{"line":37,"column":null}},"13":{"start":{"line":50,"column":2},"end":{"line":52,"column":null}},"14":{"start":{"line":51,"column":4},"end":{"line":51,"column":null}},"15":{"start":{"line":53,"column":2},"end":{"line":53,"column":null}}},"fnMap":{"0":{"name":"verifyToken","decl":{"start":{"line":17,"column":16},"end":{"line":17,"column":27}},"loc":{"start":{"line":17,"column":44},"end":{"line":38,"column":null}},"line":17},"1":{"name":"(anonymous_1)","decl":{"start":{"line":29,"column":26},"end":{"line":29,"column":27}},"loc":{"start":{"line":29,"column":33},"end":{"line":29,"column":50}},"line":29},"2":{"name":"verifyAdmin","decl":{"start":{"line":49,"column":16},"end":{"line":49,"column":27}},"loc":{"start":{"line":49,"column":44},"end":{"line":54,"column":null}},"line":49}},"branchMap":{"0":{"loc":{"start":{"line":21,"column":16},"end":{"line":21,"column":78}},"type":"cond-expr","locations":[{"start":{"line":21,"column":52},"end":{"line":21,"column":71}},{"start":{"line":21,"column":74},"end":{"line":21,"column":78}}],"line":21},"1":{"loc":{"start":{"line":23,"column":2},"end":{"line":25,"column":null}},"type":"if","locations":[{"start":{"line":23,"column":2},"end":{"line":25,"column":null}},{"start":{},"end":{}}],"line":23},"2":{"loc":{"start":{"line":31,"column":2},"end":{"line":33,"column":null}},"type":"if","locations":[{"start":{"line":31,"column":2},"end":{"line":33,"column":null}},{"start":{},"end":{}}],"line":31},"3":{"loc":{"start":{"line":50,"column":2},"end":{"line":52,"column":null}},"type":"if","locations":[{"start":{"line":50,"column":2},"end":{"line":52,"column":null}},{"start":{},"end":{}}],"line":50}},"s":{"0":1,"1":1,"2":4,"3":4,"4":4,"5":1,"6":3,"7":3,"8":5,"9":3,"10":1,"11":2,"12":2,"13":3,"14":2,"15":1},"f":{"0":4,"1":5,"2":3},"b":{"0":[3,1],"1":[1,3],"2":[1,2],"3":[2,1]},"meta":{"lastBranch":4,"lastFunction":3,"lastStatement":16,"seen":{"s:5:17:5:57":0,"s:6:18:6:56":1,"f:17:16:17:27":0,"s:18:21:18:49":2,"s:21:16:21:78":3,"b:21:52:21:71:21:74:21:78":0,"b:23:2:25:Infinity:undefined:undefined:undefined:undefined":1,"s:23:2:25:Infinity":4,"s:24:4:24:Infinity":5,"s:28:16:28:61":6,"s:29:15:29:51":7,"f:29:26:29:27":1,"s:29:33:29:50":8,"b:31:2:33:Infinity:undefined:undefined:undefined:undefined":2,"s:31:2:33:Infinity":9,"s:32:4:32:Infinity":10,"s:36:2:36:Infinity":11,"s:37:2:37:Infinity":12,"f:49:16:49:27":2,"b:50:2:52:Infinity:undefined:undefined:undefined:undefined":3,"s:50:2:52:Infinity":13,"s:51:4:51:Infinity":14,"s:53:2:53:Infinity":15}}}
,"/Users/alecbarreda/Github/QueueSmart/backend/src/mock/historyData.js": {"path":"/Users/alecbarreda/Github/QueueSmart/backend/src/mock/historyData.js","statementMap":{"0":{"start":{"line":3,"column":25},"end":{"line":41,"column":1}},"1":{"start":{"line":44,"column":23},"end":{"line":44,"column":36}}},"fnMap":{},"branchMap":{},"s":{"0":1,"1":1},"f":{},"b":{},"meta":{"lastBranch":0,"lastFunction":0,"lastStatement":2,"seen":{"s:3:25:41:1":0,"s:44:23:44:36":1}}}
,"/Users/alecbarreda/Github/QueueSmart/backend/src/mock/serviceData.js": {"path":"/Users/alecbarreda/Github/QueueSmart/backend/src/mock/serviceData.js","statementMap":{"0":{"start":{"line":1,"column":27},"end":{"line":18,"column":1}}},"fnMap":{},"branchMap":{},"s":{"0":1},"f":{},"b":{},"meta":{"lastBranch":0,"lastFunction":0,"lastStatement":1,"seen":{"s:1:27:18:1":0}}}
,"/Users/alecbarreda/Github/QueueSmart/backend/src/utils/waitTime.js": {"path":"/Users/alecbarreda/Github/QueueSmart/backend/src/utils/waitTime.js","statementMap":{"0":{"start":{"line":10,"column":32},"end":{"line":31,"column":1}},"1":{"start":{"line":11,"column":2},"end":{"line":13,"column":null}},"2":{"start":{"line":12,"column":4},"end":{"line":12,"column":null}},"3":{"start":{"line":14,"column":2},"end":{"line":16,"column":null}},"4":{"start":{"line":15,"column":4},"end":{"line":15,"column":null}},"5":{"start":{"line":17,"column":2},"end":{"line":19,"column":null}},"6":{"start":{"line":18,"column":4},"end":{"line":18,"column":null}},"7":{"start":{"line":20,"column":2},"end":{"line":22,"column":null}},"8":{"start":{"line":21,"column":4},"end":{"line":21,"column":null}},"9":{"start":{"line":23,"column":2},"end":{"line":25,"column":null}},"10":{"start":{"line":24,"column":4},"end":{"line":24,"column":null}},"11":{"start":{"line":27,"column":2},"end":{"line":27,"column":null}},"12":{"start":{"line":27,"column":15},"end":{"line":27,"column":null}},"13":{"start":{"line":28,"column":2},"end":{"line":28,"column":null}},"14":{"start":{"line":28,"column":22},"end":{"line":28,"column":null}},"15":{"start":{"line":30,"column":2},"end":{"line":30,"column":null}}},"fnMap":{"0":{"name":"(anonymous_0)","decl":{"start":{"line":10,"column":32},"end":{"line":10,"column":33}},"loc":{"start":{"line":10,"column":74},"end":{"line":31,"column":1}},"line":10}},"branchMap":{"0":{"loc":{"start":{"line":11,"column":2},"end":{"line":13,"column":null}},"type":"if","locations":[{"start":{"line":11,"column":2},"end":{"line":13,"column":null}},{"start":{},"end":{}}],"line":11},"1":{"loc":{"start":{"line":14,"column":2},"end":{"line":16,"column":null}},"type":"if","locations":[{"start":{"line":14,"column":2},"end":{"line":16,"column":null}},{"start":{},"end":{}}],"line":14},"2":{"loc":{"start":{"line":14,"column":6},"end":{"line":14,"column":64}},"type":"binary-expr","locations":[{"start":{"line":14,"column":6},"end":{"line":14,"column":34}},{"start":{"line":14,"column":38},"end":{"line":14,"column":64}}],"line":14},"3":{"loc":{"start":{"line":17,"column":2},"end":{"line":19,"column":null}},"type":"if","locations":[{"start":{"line":17,"column":2},"end":{"line":19,"column":null}},{"start":{},"end":{}}],"line":17},"4":{"loc":{"start":{"line":17,"column":6},"end":{"line":17,"column":84}},"type":"binary-expr","locations":[{"start":{"line":17,"column":6},"end":{"line":17,"column":44}},{"start":{"line":17,"column":48},"end":{"line":17,"column":84}}],"line":17},"5":{"loc":{"start":{"line":20,"column":2},"end":{"line":22,"column":null}},"type":"if","locations":[{"start":{"line":20,"column":2},"end":{"line":22,"column":null}},{"start":{},"end":{}}],"line":20},"6":{"loc":{"start":{"line":23,"column":2},"end":{"line":25,"column":null}},"type":"if","locations":[{"start":{"line":23,"column":2},"end":{"line":25,"column":null}},{"start":{},"end":{}}],"line":23},"7":{"loc":{"start":{"line":27,"column":2},"end":{"line":27,"column":null}},"type":"if","locations":[{"start":{"line":27,"column":2},"end":{"line":27,"column":null}},{"start":{},"end":{}}],"line":27},"8":{"loc":{"start":{"line":28,"column":2},"end":{"line":28,"column":null}},"type":"if","locations":[{"start":{"line":28,"column":2},"end":{"line":28,"column":null}},{"start":{},"end":{}}],"line":28}},"s":{"0":2,"1":17,"2":1,"3":16,"4":2,"5":14,"6":2,"7":12,"8":1,"9":11,"10":2,"11":9,"12":2,"13":7,"14":2,"15":5},"f":{"0":17},"b":{"0":[1,16],"1":[2,14],"2":[16,15],"3":[2,12],"4":[14,13],"5":[1,11],"6":[2,9],"7":[2,7],"8":[2,5]},"meta":{"lastBranch":9,"lastFunction":1,"lastStatement":16,"seen":{"s:10:32:31:1":0,"f:10:32:10:33":0,"b:11:2:13:Infinity:undefined:undefined:undefined:undefined":0,"s:11:2:13:Infinity":1,"s:12:4:12:Infinity":2,"b:14:2:16:Infinity:undefined:undefined:undefined:undefined":1,"s:14:2:16:Infinity":3,"b:14:6:14:34:14:38:14:64":2,"s:15:4:15:Infinity":4,"b:17:2:19:Infinity:undefined:undefined:undefined:undefined":3,"s:17:2:19:Infinity":5,"b:17:6:17:44:17:48:17:84":4,"s:18:4:18:Infinity":6,"b:20:2:22:Infinity:undefined:undefined:undefined:undefined":5,"s:20:2:22:Infinity":7,"s:21:4:21:Infinity":8,"b:23:2:25:Infinity:undefined:undefined:undefined:undefined":6,"s:23:2:25:Infinity":9,"s:24:4:24:Infinity":10,"b:27:2:27:Infinity:undefined:undefined:undefined:undefined":7,"s:27:2:27:Infinity":11,"s:27:15:27:Infinity":12,"b:28:2:28:Infinity:undefined:undefined:undefined:undefined":8,"s:28:2:28:Infinity":13,"s:28:22:28:Infinity":14,"s:30:2:30:Infinity":15}}}
}
